#
# There is insufficient memory for the Java Runtime Environment to continue.
# Native memory allocation (malloc) failed to allocate 32744 bytes for ChunkPool::allocate
# Possible reasons:
#   The system is out of physical RAM or swap space
#   In 32 bit mode, the process size limit was hit
# Possible solutions:
#   Reduce memory load on the system
#   Increase physical memory or swap space
#   Check if swap backing store is full
#   Use 64 bit Java on a 64 bit OS
#   Decrease Java heap size (-Xmx/-Xms)
#   Decrease number of Java threads
#   Decrease Java thread stack sizes (-Xss)
#   Set larger code cache with -XX:ReservedCodeCacheSize=
# This output file may be truncated or incomplete.
#
#  Out of Memory Error (allocation.cpp:273), pid=22112, tid=0x0000000000003f14
#
# JRE version: Java(TM) SE Runtime Environment (8.0_144-b01) (build 1.8.0_144-b01)
# Java VM: Java HotSpot(TM) 64-Bit Server VM (25.144-b01 mixed mode windows-amd64 compressed oops)
# Failed to write core dump. Minidumps are not enabled by default on client versions of Windows
#

---------------  T H R E A D  ---------------

Current thread (0x00000000048f5800):  JavaThread "main" [_thread_in_native, id=16148, stack(0x0000000004630000,0x0000000004730000)]

Stack: [0x0000000004630000,0x0000000004730000]
[error occurred during error reporting (printing stack bounds), id 0xc0000005]

Native frames: (J=compiled Java code, j=interpreted, Vv=VM code, C=native code)

Java frames: (J=compiled Java code, j=interpreted, Vv=VM code)
J 876  java.lang.Class.forName0(Ljava/lang/String;ZLjava/lang/ClassLoader;Ljava/lang/Class;)Ljava/lang/Class; (0 bytes) @ 0x0000000004dc1c87 [0x0000000004dc1c00+0x87]
J 901 C1 java.lang.Class.forName(Ljava/lang/String;ZLjava/lang/ClassLoader;)Ljava/lang/Class; (53 bytes) @ 0x0000000004dd5c2c [0x0000000004dd5700+0x52c]
j  sun.nio.cs.FastCharsetProvider.lookup(Ljava/lang/String;)Ljava/nio/charset/Charset;+118
j  sun.nio.cs.FastCharsetProvider.access$100(Lsun/nio/cs/FastCharsetProvider;Ljava/lang/String;)Ljava/nio/charset/Charset;+2
j  sun.nio.cs.FastCharsetProvider$1.next()Ljava/nio/charset/Charset;+18
j  sun.nio.cs.FastCharsetProvider$1.next()Ljava/lang/Object;+1
j  java.nio.charset.Charset.put(Ljava/util/Iterator;Ljava/util/Map;)V+10
j  java.nio.charset.Charset.access$200(Ljava/util/Iterator;Ljava/util/Map;)V+2
j  java.nio.charset.Charset$3.run()Ljava/util/SortedMap;+18
j  java.nio.charset.Charset$3.run()Ljava/lang/Object;+1
v  ~StubRoutines::call_stub
J 1425  java.security.AccessController.doPrivileged(Ljava/security/PrivilegedAction;)Ljava/lang/Object; (0 bytes) @ 0x0000000004f0e352 [0x0000000004f0e300+0x52]
j  java.nio.charset.Charset.availableCharsets()Ljava/util/SortedMap;+7
j  org.apache.tomcat.util.buf.B2CConverter.<clinit>()V+18
v  ~StubRoutines::call_stub
j  org.apache.catalina.connector.Connector.setURIEncoding(Ljava/lang/String;)V+2
j  org.springframework.boot.web.embedded.tomcat.TomcatServletWebServerFactory.customizeConnector(Lorg/apache/catalina/connector/Connector;)V+78
j  org.springframework.boot.web.embedded.tomcat.TomcatServletWebServerFactory.getWebServer([Lorg/springframework/boot/web/servlet/ServletContextInitializer;)Lorg/springframework/boot/web/server/WebServer;+64
j  org.springframework.boot.web.servlet.context.ServletWebServerApplicationContext.createWebServer()V+36
j  org.springframework.boot.web.servlet.context.ServletWebServerApplicationContext.onRefresh()V+5
j  org.springframework.context.support.AbstractApplicationContext.refresh()V+45
j  org.springframework.boot.web.servlet.context.ServletWebServerApplicationContext.refresh()V+1
j  org.springframework.boot.SpringApplication.refresh(Lorg/springframework/context/ApplicationContext;)V+11
j  org.springframework.boot.SpringApplication.refreshContext(Lorg/springframework/context/ConfigurableApplicationContext;)V+2
j  org.springframework.boot.SpringApplication.run([Ljava/lang/String;)Lorg/springframework/context/ConfigurableApplicationContext;+118
j  org.springframework.boot.SpringApplication.run([Ljava/lang/Class;[Ljava/lang/String;)Lorg/springframework/context/ConfigurableApplicationContext;+9
j  org.springframework.boot.SpringApplication.run(Ljava/lang/Class;[Ljava/lang/String;)Lorg/springframework/context/ConfigurableApplicationContext;+9
j  ch.hearc.clientsservice.application.ClientsServiceApplication.main([Ljava/lang/String;)V+3
v  ~StubRoutines::call_stub

---------------  P R O C E S S  ---------------

Java Threads: ( => current thread )
  0x0000000021137000 JavaThread "Service Thread" daemon [_thread_blocked, id=15844, stack(0x0000000021cd0000,0x0000000021dd0000)]
  0x000000002066d000 JavaThread "C1 CompilerThread3" daemon [_thread_blocked, id=17512, stack(0x0000000021bd0000,0x0000000021cd0000)]
  0x000000002066c800 JavaThread "C2 CompilerThread2" daemon [_thread_in_native, id=13096, stack(0x0000000021ad0000,0x0000000021bd0000)]
  0x000000002066b800 JavaThread "C2 CompilerThread1" daemon [_thread_in_native, id=6540, stack(0x00000000219d0000,0x0000000021ad0000)]
  0x00000000211ab000 JavaThread "C2 CompilerThread0" daemon [_thread_in_native, id=20340, stack(0x00000000218d0000,0x00000000219d0000)]
  0x00000000202b9800 JavaThread "JDWP Command Reader" daemon [_thread_in_native, id=2128, stack(0x0000000020fd0000,0x00000000210d0000)]
  0x00000000202b6000 JavaThread "JDWP Event Helper Thread" daemon [_thread_blocked, id=23392, stack(0x0000000020ed0000,0x0000000020fd0000)]
  0x00000000202a8800 JavaThread "JDWP Transport Listener: dt_socket" daemon [_thread_blocked, id=22948, stack(0x0000000020dd0000,0x0000000020ed0000)]
  0x00000000202a0000 JavaThread "Attach Listener" daemon [_thread_blocked, id=8732, stack(0x0000000020990000,0x0000000020a90000)]
  0x000000002029d000 JavaThread "Signal Dispatcher" daemon [_thread_blocked, id=18356, stack(0x0000000020890000,0x0000000020990000)]
  0x0000000020290800 JavaThread "Finalizer" daemon [_thread_blocked, id=1676, stack(0x0000000020670000,0x0000000020770000)]
  0x00000000049eb000 JavaThread "Reference Handler" daemon [_thread_blocked, id=22212, stack(0x0000000020170000,0x0000000020270000)]
=>0x00000000048f5800 JavaThread "main" [_thread_in_native, id=16148, stack(0x0000000004630000,0x0000000004730000)]

Other Threads:
  0x000000001e399800 VMThread [stack: 0x0000000020070000,0x0000000020170000] [id=21308]
  0x0000000020661000 WatcherThread [stack: 0x0000000021f30000,0x0000000022030000] [id=16636]

VM state:not at safepoint (normal execution)

VM Mutex/Monitor currently owned by a thread: None

Heap:
 PSYoungGen      total 140800K, used 122844K [0x000000076b780000, 0x0000000779680000, 0x00000007c0000000)
  eden space 130048K, 88% used [0x000000076b780000,0x00000007727ec170,0x0000000773680000)
  from space 10752K, 71% used [0x0000000773680000,0x0000000773e0aec8,0x0000000774100000)
  to   space 8704K, 0% used [0x0000000778e00000,0x0000000778e00000,0x0000000779680000)
 ParOldGen       total 93184K, used 5962K [0x00000006c2600000, 0x00000006c8100000, 0x000000076b780000)
  object space 93184K, 6% used [0x00000006c2600000,0x00000006c2bd2898,0x00000006c8100000)
 Metaspace       used 32207K, capacity 33734K, committed 33920K, reserved 1079296K
  class space    used 4152K, capacity 4429K, committed 4480K, reserved 1048576K

Card table byte_map: [0x0000000013db0000,0x00000000145a0000] byte_map_base: 0x000000001079d000

Marking Bits: (ParMarkBitMap*) 0x000000007725d850
 Begin Bits: [0x00000000152f0000, 0x0000000019258000)
 End Bits:   [0x0000000019258000, 0x000000001d1c0000)

Polling page: 0x0000000002dc0000

CodeCache: size=245760Kb used=13387Kb max_used=13387Kb free=232372Kb
 bounds [0x00000000049f0000, 0x0000000005710000, 0x00000000139f0000]
 total_blobs=3696 nmethods=3290 adapters=325
 compilation: enabled

Compilation events (10 events):
Event: 6.000 Thread 0x000000002066d000 3329       2       java.io.File::getCanonicalPath (31 bytes)
Event: 6.001 Thread 0x000000002066d000 nmethod 3329 0x00000000057006d0 code [0x0000000005700860, 0x0000000005700ad8]
Event: 6.001 Thread 0x000000002066d000 3330       2       java.io.WinNTFileSystem::canonicalize (372 bytes)
Event: 6.004 Thread 0x000000002066d000 nmethod 3330 0x0000000005700c10 code [0x00000000057010c0, 0x0000000005703058]
Event: 6.004 Thread 0x000000002066d000 3331       2       java.util.Locale::hashCode (41 bytes)
Event: 6.005 Thread 0x000000002066d000 nmethod 3331 0x0000000005705190 code [0x0000000005705300, 0x00000000057054f8]
Event: 6.005 Thread 0x000000002066d000 3332       1       java.util.ResourceBundle$CacheKey::hashCode (5 bytes)
Event: 6.005 Thread 0x000000002066d000 nmethod 3332 0x0000000005705610 code [0x0000000005705760, 0x0000000005705870]
Event: 6.010 Thread 0x000000002066d000 3333       2       java.lang.Class::privateGetPublicMethods (267 bytes)
Event: 6.012 Thread 0x000000002066d000 nmethod 3333 0x00000000057058d0 code [0x0000000005705ba0, 0x0000000005706788]

GC Heap History (10 events):
Event: 1.556 GC heap before
{Heap before GC invocations=2 (full 0):
 PSYoungGen      total 75776K, used 70592K [0x000000076b780000, 0x0000000770c00000, 0x00000007c0000000)
  eden space 65024K, 100% used [0x000000076b780000,0x000000076f700000,0x000000076f700000)
  from space 10752K, 51% used [0x000000076f700000,0x000000076fc70310,0x0000000770180000)
  to   space 10752K, 0% used [0x0000000770180000,0x0000000770180000,0x0000000770c00000)
 ParOldGen       total 173568K, used 16K [0x00000006c2600000, 0x00000006ccf80000, 0x000000076b780000)
  object space 173568K, 0% used [0x00000006c2600000,0x00000006c2604000,0x00000006ccf80000)
 Metaspace       used 15074K, capacity 15550K, committed 15744K, reserved 1062912K
  class space    used 1941K, capacity 2091K, committed 2176K, reserved 1048576K
Event: 1.566 GC heap after
Heap after GC invocations=2 (full 0):
 PSYoungGen      total 75776K, used 6195K [0x000000076b780000, 0x0000000774b80000, 0x00000007c0000000)
  eden space 65024K, 0% used [0x000000076b780000,0x000000076b780000,0x000000076f700000)
  from space 10752K, 57% used [0x0000000770180000,0x000000077078cc48,0x0000000770c00000)
  to   space 10752K, 0% used [0x000000076f700000,0x000000076f700000,0x0000000770180000)
 ParOldGen       total 173568K, used 24K [0x00000006c2600000, 0x00000006ccf80000, 0x000000076b780000)
  object space 173568K, 0% used [0x00000006c2600000,0x00000006c2606000,0x00000006ccf80000)
 Metaspace       used 15074K, capacity 15550K, committed 15744K, reserved 1062912K
  class space    used 1941K, capacity 2091K, committed 2176K, reserved 1048576K
}
Event: 1.841 GC heap before
{Heap before GC invocations=3 (full 0):
 PSYoungGen      total 75776K, used 71219K [0x000000076b780000, 0x0000000774b80000, 0x00000007c0000000)
  eden space 65024K, 100% used [0x000000076b780000,0x000000076f700000,0x000000076f700000)
  from space 10752K, 57% used [0x0000000770180000,0x000000077078cc48,0x0000000770c00000)
  to   space 10752K, 0% used [0x000000076f700000,0x000000076f700000,0x0000000770180000)
 ParOldGen       total 173568K, used 24K [0x00000006c2600000, 0x00000006ccf80000, 0x000000076b780000)
  object space 173568K, 0% used [0x00000006c2600000,0x00000006c2606000,0x00000006ccf80000)
 Metaspace       used 18870K, capacity 19420K, committed 19712K, reserved 1067008K
  class space    used 2399K, capacity 2546K, committed 2560K, reserved 1048576K
Event: 1.850 GC heap after
Heap after GC invocations=3 (full 0):
 PSYoungGen      total 75776K, used 7819K [0x000000076b780000, 0x0000000774b80000, 0x00000007c0000000)
  eden space 65024K, 0% used [0x000000076b780000,0x000000076b780000,0x000000076f700000)
  from space 10752K, 72% used [0x000000076f700000,0x000000076fea2f38,0x0000000770180000)
  to   space 10752K, 0% used [0x0000000774100000,0x0000000774100000,0x0000000774b80000)
 ParOldGen       total 173568K, used 32K [0x00000006c2600000, 0x00000006ccf80000, 0x000000076b780000)
  object space 173568K, 0% used [0x00000006c2600000,0x00000006c2608000,0x00000006ccf80000)
 Metaspace       used 18870K, capacity 19420K, committed 19712K, reserved 1067008K
  class space    used 2399K, capacity 2546K, committed 2560K, reserved 1048576K
}
Event: 1.971 GC heap before
{Heap before GC invocations=4 (full 0):
 PSYoungGen      total 75776K, used 36774K [0x000000076b780000, 0x0000000774b80000, 0x00000007c0000000)
  eden space 65024K, 44% used [0x000000076b780000,0x000000076d3c6c28,0x000000076f700000)
  from space 10752K, 72% used [0x000000076f700000,0x000000076fea2f38,0x0000000770180000)
  to   space 10752K, 0% used [0x0000000774100000,0x0000000774100000,0x0000000774b80000)
 ParOldGen       total 173568K, used 32K [0x00000006c2600000, 0x00000006ccf80000, 0x000000076b780000)
  object space 173568K, 0% used [0x00000006c2600000,0x00000006c2608000,0x00000006ccf80000)
 Metaspace       used 20639K, capacity 21156K, committed 21248K, reserved 1067008K
  class space    used 2614K, capacity 2782K, committed 2816K, reserved 1048576K
Event: 1.976 GC heap after
Heap after GC invocations=4 (full 0):
 PSYoungGen      total 140800K, used 6093K [0x000000076b780000, 0x0000000774b80000, 0x00000007c0000000)
  eden space 130048K, 0% used [0x000000076b780000,0x000000076b780000,0x0000000773680000)
  from space 10752K, 56% used [0x0000000774100000,0x00000007746f3760,0x0000000774b80000)
  to   space 10752K, 0% used [0x0000000773680000,0x0000000773680000,0x0000000774100000)
 ParOldGen       total 173568K, used 40K [0x00000006c2600000, 0x00000006ccf80000, 0x000000076b780000)
  object space 173568K, 0% used [0x00000006c2600000,0x00000006c260a000,0x00000006ccf80000)
 Metaspace       used 20639K, capacity 21156K, committed 21248K, reserved 1067008K
  class space    used 2614K, capacity 2782K, committed 2816K, reserved 1048576K
}
Event: 1.976 GC heap before
{Heap before GC invocations=5 (full 1):
 PSYoungGen      total 140800K, used 6093K [0x000000076b780000, 0x0000000774b80000, 0x00000007c0000000)
  eden space 130048K, 0% used [0x000000076b780000,0x000000076b780000,0x0000000773680000)
  from space 10752K, 56% used [0x0000000774100000,0x00000007746f3760,0x0000000774b80000)
  to   space 10752K, 0% used [0x0000000773680000,0x0000000773680000,0x0000000774100000)
 ParOldGen       total 173568K, used 40K [0x00000006c2600000, 0x00000006ccf80000, 0x000000076b780000)
  object space 173568K, 0% used [0x00000006c2600000,0x00000006c260a000,0x00000006ccf80000)
 Metaspace       used 20639K, capacity 21156K, committed 21248K, reserved 1067008K
  class space    used 2614K, capacity 2782K, committed 2816K, reserved 1048576K
Event: 2.001 GC heap after
Heap after GC invocations=5 (full 1):
 PSYoungGen      total 140800K, used 0K [0x000000076b780000, 0x0000000774b80000, 0x00000007c0000000)
  eden space 130048K, 0% used [0x000000076b780000,0x000000076b780000,0x0000000773680000)
  from space 10752K, 0% used [0x0000000774100000,0x0000000774100000,0x0000000774b80000)
  to   space 10752K, 0% used [0x0000000773680000,0x0000000773680000,0x0000000774100000)
 ParOldGen       total 93184K, used 5890K [0x00000006c2600000, 0x00000006c8100000, 0x000000076b780000)
  object space 93184K, 6% used [0x00000006c2600000,0x00000006c2bc0888,0x00000006c8100000)
 Metaspace       used 20637K, capacity 21150K, committed 21248K, reserved 1067008K
  class space    used 2613K, capacity 2781K, committed 2816K, reserved 1048576K
}
Event: 2.826 GC heap before
{Heap before GC invocations=6 (full 1):
 PSYoungGen      total 140800K, used 130048K [0x000000076b780000, 0x0000000774b80000, 0x00000007c0000000)
  eden space 130048K, 100% used [0x000000076b780000,0x0000000773680000,0x0000000773680000)
  from space 10752K, 0% used [0x0000000774100000,0x0000000774100000,0x0000000774b80000)
  to   space 10752K, 0% used [0x0000000773680000,0x0000000773680000,0x0000000774100000)
 ParOldGen       total 93184K, used 5890K [0x00000006c2600000, 0x00000006c8100000, 0x000000076b780000)
  object space 93184K, 6% used [0x00000006c2600000,0x00000006c2bc0888,0x00000006c8100000)
 Metaspace       used 26606K, capacity 27578K, committed 27776K, reserved 1073152K
  class space    used 3410K, capacity 3641K, committed 3712K, reserved 1048576K
Event: 2.833 GC heap after
Heap after GC invocations=6 (full 1):
 PSYoungGen      total 140800K, used 7723K [0x000000076b780000, 0x0000000779680000, 0x00000007c0000000)
  eden space 130048K, 0% used [0x000000076b780000,0x000000076b780000,0x0000000773680000)
  from space 10752K, 71% used [0x0000000773680000,0x0000000773e0aec8,0x0000000774100000)
  to   space 8704K, 0% used [0x0000000778e00000,0x0000000778e00000,0x0000000779680000)
 ParOldGen       total 93184K, used 5962K [0x00000006c2600000, 0x00000006c8100000, 0x000000076b780000)
  object space 93184K, 6% used [0x00000006c2600000,0x00000006c2bd2898,0x00000006c8100000)
 Metaspace       used 26606K, capacity 27578K, committed 27776K, reserved 1073152K
  class space    used 3410K, capacity 3641K, committed 3712K, reserved 1048576K
}

Deoptimization events (10 events):
Event: 6.008 Thread 0x00000000048f5800 Uncommon trap: reason=unhandled action=none pc=0x000000000542fed8 method=java.net.URLClassLoader.findClass(Ljava/lang/String;)Ljava/lang/Class; @ 44
Event: 6.009 Thread 0x00000000048f5800 Uncommon trap: reason=unhandled action=none pc=0x000000000542fed8 method=java.net.URLClassLoader.findClass(Ljava/lang/String;)Ljava/lang/Class; @ 44
Event: 6.011 Thread 0x00000000048f5800 Uncommon trap: reason=unhandled action=none pc=0x000000000542fed8 method=java.net.URLClassLoader.findClass(Ljava/lang/String;)Ljava/lang/Class; @ 44
Event: 6.012 Thread 0x00000000048f5800 Uncommon trap: reason=unhandled action=none pc=0x000000000542fed8 method=java.net.URLClassLoader.findClass(Ljava/lang/String;)Ljava/lang/Class; @ 44
Event: 6.014 Thread 0x00000000048f5800 Uncommon trap: reason=unhandled action=none pc=0x000000000542fed8 method=java.net.URLClassLoader.findClass(Ljava/lang/String;)Ljava/lang/Class; @ 44
Event: 6.014 Thread 0x00000000048f5800 Uncommon trap: reason=unhandled action=none pc=0x000000000543e260 method=java.net.URLClassLoader.findClass(Ljava/lang/String;)Ljava/lang/Class; @ 44
Event: 6.014 Thread 0x00000000048f5800 Uncommon trap: reason=unhandled action=none pc=0x000000000542fed8 method=java.net.URLClassLoader.findClass(Ljava/lang/String;)Ljava/lang/Class; @ 44
Event: 6.015 Thread 0x00000000048f5800 Uncommon trap: reason=unhandled action=none pc=0x000000000543e260 method=java.net.URLClassLoader.findClass(Ljava/lang/String;)Ljava/lang/Class; @ 44
Event: 6.015 Thread 0x00000000048f5800 Uncommon trap: reason=unhandled action=none pc=0x000000000542fed8 method=java.net.URLClassLoader.findClass(Ljava/lang/String;)Ljava/lang/Class; @ 44
Event: 6.015 Thread 0x00000000048f5800 Uncommon trap: reason=unhandled action=none pc=0x000000000543e260 method=java.net.URLClassLoader.findClass(Ljava/lang/String;)Ljava/lang/Class; @ 44

Internal exceptions (10 events):
Event: 5.509 Thread 0x00000000048f5800 Exception <a 'java/lang/ArrayIndexOutOfBoundsException': 194> (0x000000077126c4e8) thrown at [C:\re\workspace\8-2-build-windows-amd64-cygwin\jdk8u144\9417\hotspot\src\share\vm\interpreter\interpreterRuntime.cpp, line 366]
Event: 5.511 Thread 0x00000000048f5800 Exception <a 'java/lang/ArrayIndexOutOfBoundsException': 199> (0x00000007712759a0) thrown at [C:\re\workspace\8-2-build-windows-amd64-cygwin\jdk8u144\9417\hotspot\src\share\vm\interpreter\interpreterRuntime.cpp, line 366]
Event: 5.529 Thread 0x00000000048f5800 Exception <a 'java/lang/ArrayIndexOutOfBoundsException': 199> (0x0000000771337b70) thrown at [C:\re\workspace\8-2-build-windows-amd64-cygwin\jdk8u144\9417\hotspot\src\share\vm\interpreter\interpreterRuntime.cpp, line 366]
Event: 5.533 Thread 0x00000000048f5800 Exception <a 'java/lang/ArrayIndexOutOfBoundsException': 266> (0x0000000771356c28) thrown at [C:\re\workspace\8-2-build-windows-amd64-cygwin\jdk8u144\9417\hotspot\src\share\vm\interpreter\interpreterRuntime.cpp, line 366]
Event: 5.533 Thread 0x00000000048f5800 Exception <a 'java/lang/ArrayIndexOutOfBoundsException': 119> (0x0000000771358bc0) thrown at [C:\re\workspace\8-2-build-windows-amd64-cygwin\jdk8u144\9417\hotspot\src\share\vm\interpreter\interpreterRuntime.cpp, line 366]
Event: 5.536 Thread 0x00000000048f5800 Exception <a 'java/lang/ArrayIndexOutOfBoundsException': 162> (0x0000000771378f88) thrown at [C:\re\workspace\8-2-build-windows-amd64-cygwin\jdk8u144\9417\hotspot\src\share\vm\interpreter\interpreterRuntime.cpp, line 366]
Event: 5.610 Thread 0x00000000048f5800 Exception <a 'java/lang/ArrayIndexOutOfBoundsException': 6> (0x00000007719ab6c0) thrown at [C:\re\workspace\8-2-build-windows-amd64-cygwin\jdk8u144\9417\hotspot\src\share\vm\interpreter\interpreterRuntime.cpp, line 366]
Event: 5.610 Thread 0x00000000048f5800 Exception <a 'java/lang/ArrayIndexOutOfBoundsException': 96> (0x00000007719aca08) thrown at [C:\re\workspace\8-2-build-windows-amd64-cygwin\jdk8u144\9417\hotspot\src\share\vm\interpreter\interpreterRuntime.cpp, line 366]
Event: 5.612 Thread 0x00000000048f5800 Exception <a 'java/lang/ArrayIndexOutOfBoundsException': 6> (0x00000007719cbbd8) thrown at [C:\re\workspace\8-2-build-windows-amd64-cygwin\jdk8u144\9417\hotspot\src\share\vm\interpreter\interpreterRuntime.cpp, line 366]
Event: 5.613 Thread 0x00000000048f5800 Exception <a 'java/lang/ArrayIndexOutOfBoundsException': 6> (0x00000007719ce818) thrown at [C:\re\workspace\8-2-build-windows-amd64-cygwin\jdk8u144\9417\hotspot\src\share\vm\interpreter\interpreterRuntime.cpp, line 366]

Events (10 events):
Event: 6.018 loading class sun/nio/cs/ISO_8859_9 done
Event: 6.018 loading class sun/nio/cs/IBM737
Event: 6.019 loading class sun/nio/cs/IBM737 done
Event: 6.019 loading class sun/nio/cs/IBM850
Event: 6.019 loading class sun/nio/cs/IBM850 done
Event: 6.019 loading class sun/nio/cs/IBM852
Event: 6.019 loading class sun/nio/cs/IBM852 done
Event: 6.019 loading class sun/nio/cs/IBM775
Event: 6.019 loading class sun/nio/cs/IBM775 done
Event: 6.019 loading class sun/nio/cs/ISO_8859_13


Dynamic libraries:
0x00007ff73dff0000 - 0x00007ff73e027000 	C:\Program Files\Java\jre1.8.0_144\bin\javaw.exe
0x00007ff82b280000 - 0x00007ff82b460000 	C:\WINDOWS\SYSTEM32\ntdll.dll
0x00007ff829620000 - 0x00007ff8296ce000 	C:\WINDOWS\System32\KERNEL32.DLL
0x00007ff828200000 - 0x00007ff828466000 	C:\WINDOWS\System32\KERNELBASE.dll
0x00007ff828f90000 - 0x00007ff829031000 	C:\WINDOWS\System32\ADVAPI32.dll
0x00007ff828780000 - 0x00007ff82881d000 	C:\WINDOWS\System32\msvcrt.dll
0x00007ff829240000 - 0x00007ff82929b000 	C:\WINDOWS\System32\sechost.dll
0x00007ff82b0b0000 - 0x00007ff82b1cf000 	C:\WINDOWS\System32\RPCRT4.dll
0x00007ff828e00000 - 0x00007ff828f8f000 	C:\WINDOWS\System32\USER32.dll
0x00007ff828730000 - 0x00007ff828750000 	C:\WINDOWS\System32\win32u.dll
0x00007ff829040000 - 0x00007ff829068000 	C:\WINDOWS\System32\GDI32.dll
0x00007ff8277e0000 - 0x00007ff827973000 	C:\WINDOWS\System32\gdi32full.dll
0x00007ff828470000 - 0x00007ff82850b000 	C:\WINDOWS\System32\msvcp_win.dll
0x00007ff8276e0000 - 0x00007ff8277d6000 	C:\WINDOWS\System32\ucrtbase.dll
0x00007ff81d230000 - 0x00007ff81d499000 	C:\WINDOWS\WinSxS\amd64_microsoft.windows.common-controls_6595b64144ccf1df_6.0.16299.125_none_15cbcf8893620c09\COMCTL32.dll
0x00007ff828af0000 - 0x00007ff828df8000 	C:\WINDOWS\System32\combase.dll
0x00007ff827980000 - 0x00007ff8279f2000 	C:\WINDOWS\System32\bcryptPrimitives.dll
0x00007ff828750000 - 0x00007ff82877d000 	C:\WINDOWS\System32\IMM32.DLL
0x0000000076340000 - 0x0000000076412000 	C:\Program Files\Java\jre1.8.0_144\bin\msvcr100.dll
0x0000000076a40000 - 0x00000000772dd000 	C:\Program Files\Java\jre1.8.0_144\bin\server\jvm.dll
0x00007ff828820000 - 0x00007ff828828000 	C:\WINDOWS\System32\PSAPI.DLL
0x00007ff81dd00000 - 0x00007ff81dd09000 	C:\WINDOWS\SYSTEM32\WSOCK32.dll
0x00007ff821e00000 - 0x00007ff821e0a000 	C:\WINDOWS\SYSTEM32\VERSION.dll
0x00007ff81cdd0000 - 0x00007ff81cdf3000 	C:\WINDOWS\SYSTEM32\WINMM.dll
0x00007ff82b1d0000 - 0x00007ff82b23c000 	C:\WINDOWS\System32\WS2_32.dll
0x00007ff81cb70000 - 0x00007ff81cb9a000 	C:\WINDOWS\SYSTEM32\winmmbase.dll
0x00007ff8286e0000 - 0x00007ff82872a000 	C:\WINDOWS\System32\cfgmgr32.dll
0x0000000077eb0000 - 0x0000000077ebf000 	C:\Program Files\Java\jre1.8.0_144\bin\verify.dll
0x0000000077e80000 - 0x0000000077ea9000 	C:\Program Files\Java\jre1.8.0_144\bin\java.dll
0x0000000076940000 - 0x0000000076975000 	C:\Program Files\Java\jre1.8.0_144\bin\jdwp.dll
0x0000000076930000 - 0x0000000076938000 	C:\Program Files\Java\jre1.8.0_144\bin\npt.dll
0x0000000076900000 - 0x0000000076923000 	C:\Program Files\Java\jre1.8.0_144\bin\instrument.dll
0x0000000077e60000 - 0x0000000077e76000 	C:\Program Files\Java\jre1.8.0_144\bin\zip.dll
0x00007ff829770000 - 0x00007ff82aba6000 	C:\WINDOWS\System32\SHELL32.dll
0x00007ff82abb0000 - 0x00007ff82ac56000 	C:\WINDOWS\System32\shcore.dll
0x00007ff827ab0000 - 0x00007ff8281f7000 	C:\WINDOWS\System32\windows.storage.dll
0x00007ff8292a0000 - 0x00007ff8292f1000 	C:\WINDOWS\System32\shlwapi.dll
0x00007ff827640000 - 0x00007ff827651000 	C:\WINDOWS\System32\kernel.appcore.dll
0x00007ff8275d0000 - 0x00007ff82761c000 	C:\WINDOWS\System32\powrprof.dll
0x00007ff827660000 - 0x00007ff82767b000 	C:\WINDOWS\System32\profapi.dll
0x0000000076330000 - 0x0000000076339000 	C:\Program Files\Java\jre1.8.0_144\bin\dt_socket.dll
0x00007ff803fd0000 - 0x00007ff803fe6000 	C:\WINDOWS\system32\napinsp.dll
0x00007ff803fb0000 - 0x00007ff803fca000 	C:\WINDOWS\system32\pnrpnsp.dll
0x00007ff8225e0000 - 0x00007ff8225f8000 	C:\WINDOWS\system32\NLAapi.dll
0x00007ff826ab0000 - 0x00007ff826b16000 	C:\WINDOWS\System32\mswsock.dll
0x00007ff826880000 - 0x00007ff826936000 	C:\WINDOWS\SYSTEM32\DNSAPI.dll
0x00007ff82b240000 - 0x00007ff82b248000 	C:\WINDOWS\System32\NSI.dll
0x00007ff826840000 - 0x00007ff826879000 	C:\WINDOWS\SYSTEM32\IPHLPAPI.DLL
0x00007ff803f20000 - 0x00007ff803f2e000 	C:\WINDOWS\System32\winrnr.dll
0x00007ff803f00000 - 0x00007ff803f15000 	C:\WINDOWS\System32\wshbth.dll
0x00007ff8241b0000 - 0x00007ff824220000 	C:\WINDOWS\System32\fwpuclnt.dll
0x00007ff827330000 - 0x00007ff827355000 	C:\WINDOWS\SYSTEM32\bcrypt.dll
0x00007ff81fc00000 - 0x00007ff81fc0a000 	C:\Windows\System32\rasadhlp.dll
0x0000000077d80000 - 0x0000000077d8d000 	C:\Program Files\Java\jre1.8.0_144\bin\management.dll
0x00000000773b0000 - 0x00000000773ca000 	C:\Program Files\Java\jre1.8.0_144\bin\net.dll
0x00000000769c0000 - 0x00000000769d1000 	C:\Program Files\Java\jre1.8.0_144\bin\nio.dll
0x00007ff827360000 - 0x00007ff827377000 	C:\WINDOWS\SYSTEM32\CRYPTSP.dll
0x00007ff8266c0000 - 0x00007ff8266f3000 	C:\WINDOWS\system32\rsaenh.dll
0x00007ff8274d0000 - 0x00007ff8274f9000 	C:\WINDOWS\SYSTEM32\USERENV.dll
0x00007ff826c70000 - 0x00007ff826c7b000 	C:\WINDOWS\SYSTEM32\CRYPTBASE.dll
0x00007ff8238b0000 - 0x00007ff8238c6000 	C:\WINDOWS\SYSTEM32\dhcpcsvc6.DLL
0x00007ff823750000 - 0x00007ff82376a000 	C:\WINDOWS\SYSTEM32\dhcpcsvc.DLL

VM Arguments:
jvm_args: -agentlib:jdwp=transport=dt_socket,suspend=y,address=localhost:53555 -javaagent:C:\Users\SCE\.eclipse\org.springsource.sts_3.9.6.RELEASE_1854758197_win32_win32_x86_64\configuration\org.eclipse.osgi\324\0\.cp\lib\javaagent-shaded.jar -Dfile.encoding=UTF-8 
java_command: ch.hearc.clientsservice.application.ClientsServiceApplication
java_class_path (initial): D:\STS-Distribue-HE-ARC\clients-service\target\classes;C:\Users\SCE\.m2\repository\org\springframework\boot\spring-boot-starter-data-jpa\2.1.1.RELEASE\spring-boot-starter-data-jpa-2.1.1.RELEASE.jar;C:\Users\SCE\.m2\repository\org\springframework\boot\spring-boot-starter-aop\2.1.1.RELEASE\spring-boot-starter-aop-2.1.1.RELEASE.jar;C:\Users\SCE\.m2\repository\org\springframework\spring-aop\5.1.3.RELEASE\spring-aop-5.1.3.RELEASE.jar;C:\Users\SCE\.m2\repository\org\aspectj\aspectjweaver\1.9.2\aspectjweaver-1.9.2.jar;C:\Users\SCE\.m2\repository\org\springframework\boot\spring-boot-starter-jdbc\2.1.1.RELEASE\spring-boot-starter-jdbc-2.1.1.RELEASE.jar;C:\Users\SCE\.m2\repository\com\zaxxer\HikariCP\3.2.0\HikariCP-3.2.0.jar;C:\Users\SCE\.m2\repository\org\springframework\spring-jdbc\5.1.3.RELEASE\spring-jdbc-5.1.3.RELEASE.jar;C:\Users\SCE\.m2\repository\javax\transaction\javax.transaction-api\1.3\javax.transaction-api-1.3.jar;C:\Users\SCE\.m2\repository\javax\xml\bind\jaxb-api\2.3.1\jaxb-api-2.3.1.jar;C:\Users\SCE\.m2\repository\javax\activation\javax.activation-api\1.2.0\javax.activation-api-1.2.0.jar;C:\Users\SCE\.m2\repository\org\hibernate\hibernate-core\5.3.7.Final\hibernate-core-5.3.7.Final.jar;C:\Users\SCE\.m2\repository\org\jboss\logging\jboss-logging\3.3.2.Final\jboss-logging-3.3.2.Final.jar;C:\Users\SCE\.m2\repository\javax\persistence\javax.persistence-api\2.2\javax.persistence-api-2.2.jar;C:\Users\SCE\.m2\repository\org\javassist\javassist\3.23.1-GA\javassist-3.23.1-GA.jar;C:\Users\SCE\.m2\repository\net\bytebuddy\byte-buddy\1.9.5\byte-buddy-1.9.5.jar;C:\Users\SCE\.m2\repository\antlr\antlr\2.7.7\antlr-2.7.7.jar;C:\Users\SCE\.m2\repository\org\jboss\jandex\2.0.5.Final\jandex-2.0.5.Final.jar;C:\Users\SCE\.m2\repository\com\fasterxml\classmate\1.4.0\classmate-1.4.0.jar;C:\Users\SCE\.m2\repository\org\dom4j\dom4j\2.1.1\dom4j-2.1.1.jar;C:\Users\SCE\.m2\repository\org\hibernate\common\hibernate-commons-annotations\5.0.4.Final\hibernate-com
Launcher Type: SUN_STANDARD

Environment Variables:
JAVA_HOME=C:\dev\java\jdk1.8.0_144
USERNAME=SCE
OS=Windows_NT
PROCESSOR_IDENTIFIER=Intel64 Family 6 Model 158 Stepping 9, GenuineIntel



---------------  S Y S T E M  ---------------

OS: Windows 10.0 , 64 bit Build 16299 (10.0.16299.15)

CPU:total 8 (initial active 8) (4 cores per cpu, 2 threads per core) family 6 model 158 stepping 9, cmov, cx8, fxsr, mmx, sse, sse2, sse3, ssse3, sse4.1, sse4.2, popcnt, avx, avx2, aes, clmul, erms, 3dnowpref, lzcnt, ht, tsc, tscinvbit, bmi1, bmi2, adx

Memory: 4k page, physical 16619912k(3626116k free), swap 21739912k(1104k free)

vm_info: Java HotSpot(TM) 64-Bit Server VM (25.144-b01) for windows-amd64 JRE (1.8.0_144-b01), built on Jul 21 2017 21:57:33 by "java_re" with MS VC++ 10.0 (VS2010)

time: Tue Dec 11 15:17:57 2018
elapsed time: 6 seconds (0d 0h 0m 6s)

